<?xml version="1.0" encoding="UTF-8"?>
<testsuite xmlns:xsi="http://www.w3.org/2001/XMLSchema-instance" xsi:noNamespaceSchemaLocation="https://maven.apache.org/surefire/maven-surefire-plugin/xsd/surefire-test-report.xsd" name="TestCreateOrder" time="10.202" tests="4" errors="0" skipped="0" failures="0">
  <properties>
[...]
</properties>
  <testcase name="testCreateOrderWithAuthTokenAndWithIngredients" classname="TestCreateOrder" time="6.508"/>
  <testcase name="testCreateOrderWithoutAuthToken" classname="TestCreateOrder" time="1.021"/>
  <testcase name="testCreateOrderWithAuthTokenAndWithoutIngredients" classname="TestCreateOrder" time="1.012"/>
  <testcase name="testCreateOrderWithAuthTokenAndWithWrongIngredientsHash" classname="TestCreateOrder" time="1.077"/>
</testsuite>