<?xml version="1.0" encoding="UTF-8"?>
<testsuite xmlns:xsi="http://www.w3.org/2001/XMLSchema-instance" xsi:noNamespaceSchemaLocation="https://maven.apache.org/surefire/maven-surefire-plugin/xsd/surefire-test-report.xsd" name="TestAuthorizationWays" time="16.743" tests="4" errors="0" skipped="0" failures="0">
  <properties>
[...]
</properties>
  <testcase name="testAuthorizationWayFromPersonalAccountButtonOnMainPage" classname="TestAuthorizationWays" time="5.926"/>
  <testcase name="testAuthorizationWayFromMainPage" classname="TestAuthorizationWays" time="3.469"/>
  <testcase name="testAuthorizationWayFromRegisterForm" classname="TestAuthorizationWays" time="3.441"/>
  <testcase name="testAuthorizationWayFromForgotPasswordForm" classname="TestAuthorizationWays" time="3.317"/>
</testsuite>