<?xml version="1.0" encoding="UTF-8"?>
<testsuite xmlns:xsi="http://www.w3.org/2001/XMLSchema-instance" xsi:noNamespaceSchemaLocation="https://maven.apache.org/surefire/maven-surefire-plugin/xsd/surefire-test-report-3.0.xsd" version="3.0" name="TestBurgerReceipt" time="0.001" tests="3" errors="0" skipped="0" failures="0">
  <properties>
[...]
</properties>
  <testcase name="testBurgerGetReceipt[Тестовые данные: praktikum.Bun@d535a3d, [praktikum.Ingredient@5dbb50f3], (==== Classic ====)&#10;= filling Cheese =&#10;(==== Classic ====)&#10;&#10;Price: 20,000000&#10;]" classname="TestBurgerReceipt" time="0.0"/>
  <testcase name="testBurgerGetReceipt[Тестовые данные: praktikum.Bun@73c3cd09, [], (==== Wheat ====)&#10;(==== Wheat ====)&#10;&#10;Price: 12,000000&#10;]" classname="TestBurgerReceipt" time="0.0"/>
  <testcase name="testBurgerGetReceipt[Тестовые данные: praktikum.Bun@4a8a0099, [praktikum.Ingredient@7c1447b5, praktikum.Ingredient@49e4c2d5], (==== Gluten-Free ====)&#10;= filling Cheese =&#10;= filling Tomato =&#10;(==== Gluten-Free ====)&#10;&#10;Price: 27,000000&#10;]" classname="TestBurgerReceipt" time="0.0"/>
</testsuite>